<?xml version="1.0" encoding="UTF-8"?>
<!-- Generated by org.testng.reporters.JUnitXMLReporter -->
<testsuite hostname="rohits-MacBook-Pro-2.local" ignored="0" name="Surefire test" tests="2" failures="0" timestamp="21 May 2020 08:36:00 GMT" time="0.048" errors="0">
  <testcase name="elementUI on elementUI(qaclickacademy.SeleniumTest)" time="0.007" classname="qaclickacademy.SeleniumTest"/>
  <testcase name="BrowserAutomation on BrowserAutomation(qaclickacademy.SeleniumTest)" time="0.006" classname="qaclickacademy.SeleniumTest"/>
</testsuite> <!-- Surefire test -->
