<?xml version="1.0" encoding="UTF-8"?>
<testng-results skipped="0" failed="0" ignored="0" total="2" passed="2">
  <reporter-output>
  </reporter-output>
  <suite name="Surefire suite" duration-ms="48" started-at="2020-05-21T08:35:55Z" finished-at="2020-05-21T08:35:55Z">
    <groups>
    </groups>
    <test name="Surefire test" duration-ms="48" started-at="2020-05-21T08:35:55Z" finished-at="2020-05-21T08:35:55Z">
      <class name="qaclickacademy.SeleniumTest">
        <test-method status="PASS" signature="elementUI()" name="elementUI" duration-ms="7" started-at="2020-05-21T14:05:55Z" finished-at="2020-05-21T14:05:55Z">
          <reporter-output>
          </reporter-output>
        </test-method> <!-- elementUI -->
        <test-method status="PASS" signature="BrowserAutomation()" name="BrowserAutomation" duration-ms="6" started-at="2020-05-21T14:05:55Z" finished-at="2020-05-21T14:05:55Z">
          <reporter-output>
          </reporter-output>
        </test-method> <!-- BrowserAutomation -->
      </class> <!-- qaclickacademy.SeleniumTest -->
    </test> <!-- Surefire test -->
  </suite> <!-- Surefire suite -->
</testng-results>
